<?xml version="1.0" encoding="UTF-8"?>
<!-- Generated by org.testng.reporters.JUnitReportReporter -->
<testsuite hostname="kkkkkkkk" failures="0" tests="4" name="apiTests.mainTests" time="4.747" errors="0" timestamp="2025-08-29T16:04:11 IST" skipped="0">
  <testcase classname="apiTests.mainTests" name="getUsersTest" time="0.538"/>
  <testcase classname="apiTests.mainTests" name="createUserTest" time="2.617"/>
  <testcase classname="apiTests.mainTests" name="updateUserTest" time="0.752"/>
  <testcase classname="apiTests.mainTests" name="deleteUserTest" time="0.840"/>
</testsuite> <!-- apiTests.mainTests -->
