<?xml version="1.0" encoding="UTF-8"?>
<!-- Generated by org.testng.reporters.JUnitReportReporter -->
<testsuite hostname="kkkkkkkk" failures="0" tests="2" name="securityTests.SecurityTests" time="10.585" errors="0" timestamp="2025-08-31T12:44:25 IST" skipped="0">
  <testcase classname="securityTests.SecurityTests" name="testXSSInjectionLogin" time="5.243"/>
  <testcase classname="securityTests.SecurityTests" name="testSQLInjectionOnLogin" time="5.342"/>
</testsuite> <!-- securityTests.SecurityTests -->
